{"/Users/guilherme/Documents/projetos/task-management/api/src/domain/use-cases/update-task.ts": {"path":"/Users/guilherme/Documents/projetos/task-management/api/src/domain/use-cases/update-task.ts","statementMap":{"0":{"start":{"line":3,"column":0},"end":{"line":3,"column":45}},"1":{"start":{"line":10,"column":12},"end":{"line":10,"column":43}},"2":{"start":{"line":11,"column":12},"end":{"line":11,"column":43}},"3":{"start":{"line":21,"column":23},"end":{"line":21,"column":61}},"4":{"start":{"line":23,"column":4},"end":{"line":25,"column":5}},"5":{"start":{"line":24,"column":6},"end":{"line":24,"column":57}},"6":{"start":{"line":27,"column":23},"end":{"line":27,"column":63}},"7":{"start":{"line":29,"column":4},"end":{"line":31,"column":5}},"8":{"start":{"line":30,"column":6},"end":{"line":30,"column":57}},"9":{"start":{"line":33,"column":24},"end":{"line":39,"column":6}},"10":{"start":{"line":40,"column":4},"end":{"line":40,"column":29}},"11":{"start":{"line":41,"column":4},"end":{"line":41,"column":37}},"12":{"start":{"line":8,"column":0},"end":{"line":8,"column":13}}},"fnMap":{"0":{"name":"(anonymous_0)","decl":{"start":{"line":9,"column":2},"end":{"line":9,"column":null}},"loc":{"start":{"line":11,"column":43},"end":{"line":12,"column":6}}},"1":{"name":"(anonymous_1)","decl":{"start":{"line":14,"column":2},"end":{"line":14,"column":7}},"loc":{"start":{"line":20,"column":19},"end":{"line":42,"column":3}}}},"branchMap":{"0":{"loc":{"start":{"line":23,"column":4},"end":{"line":25,"column":5}},"type":"if","locations":[{"start":{"line":23,"column":4},"end":{"line":25,"column":5}}]},"1":{"loc":{"start":{"line":29,"column":4},"end":{"line":31,"column":5}},"type":"if","locations":[{"start":{"line":29,"column":4},"end":{"line":31,"column":5}}]}},"s":{"0":1,"1":3,"2":3,"3":3,"4":3,"5":1,"6":2,"7":2,"8":1,"9":1,"10":1,"11":1,"12":1},"f":{"0":3,"1":3},"b":{"0":[1],"1":[1]}}
}
