TN:
SF:src/domain/use-cases/create-task.ts
FN:9,(anonymous_0)
FN:14,(anonymous_1)
FNF:2
FNH:2
FNDA:4,(anonymous_0)
FNDA:4,(anonymous_1)
DA:3,2
DA:4,2
DA:8,2
DA:10,4
DA:11,4
DA:20,4
DA:22,4
DA:23,2
DA:26,2
DA:27,2
DA:28,2
DA:29,2
DA:30,2
DA:32,2
DA:34,2
LF:15
LH:15
BRDA:22,0,0,2
BRF:1
BRH:1
end_of_record
TN:
SF:src/domain/use-cases/create-user.ts
FN:7,(anonymous_0)
FN:9,(anonymous_1)
FNF:2
FNH:2
FNDA:5,(anonymous_0)
FNDA:5,(anonymous_1)
DA:2,3
DA:3,3
DA:4,3
DA:6,3
DA:7,5
DA:10,5
DA:12,5
DA:13,2
DA:16,3
DA:17,3
DA:18,3
DA:19,3
DA:20,3
DA:22,3
DA:23,3
LF:15
LH:15
BRDA:12,0,0,2
BRF:1
BRH:1
end_of_record
TN:
SF:src/domain/use-cases/delete-task.ts
FN:5,(anonymous_0)
FN:7,(anonymous_1)
FNF:2
FNH:2
FNDA:4,(anonymous_0)
FNDA:4,(anonymous_1)
DA:2,2
DA:4,2
DA:5,4
DA:8,4
DA:10,4
DA:11,2
DA:14,2
DA:16,2
LF:8
LH:8
BRDA:10,0,0,2
BRF:1
BRH:1
end_of_record
TN:
SF:src/domain/use-cases/list-tasks.ts
FN:6,(anonymous_0)
FN:8,(anonymous_1)
FNF:2
FNH:2
FNDA:4,(anonymous_0)
FNDA:4,(anonymous_1)
DA:2,2
DA:5,2
DA:6,4
DA:9,4
DA:10,4
LF:5
LH:5
BRF:0
BRH:0
end_of_record
TN:
SF:src/domain/use-cases/login-user.ts
FN:7,(anonymous_0)
FN:9,(anonymous_1)
FNF:2
FNH:2
FNDA:7,(anonymous_0)
FNDA:7,(anonymous_1)
DA:2,3
DA:4,3
DA:6,3
DA:7,7
DA:10,7
DA:12,7
DA:14,5
DA:16,5
DA:17,2
DA:19,3
DA:20,3
LF:11
LH:11
BRDA:12,0,0,2
BRDA:16,1,0,2
BRF:2
BRH:2
end_of_record
TN:
SF:src/domain/use-cases/update-task.ts
FN:9,(anonymous_0)
FN:14,(anonymous_1)
FNF:2
FNH:2
FNDA:6,(anonymous_0)
FNDA:6,(anonymous_1)
DA:3,2
DA:8,2
DA:10,6
DA:11,6
DA:21,6
DA:23,6
DA:24,2
DA:27,4
DA:29,4
DA:30,2
DA:33,2
DA:40,2
LF:12
LH:12
BRDA:23,0,0,2
BRDA:29,1,0,2
BRF:2
BRH:2
end_of_record
